01:47:47.403 [main] INFO  testBase.BaseClass - *****starting TC_0001_VerifyUserDetail******
01:47:56.769 [main] INFO  testBase.BaseClass - **********Clicked on User Profile************
01:47:57.454 [main] INFO  testBase.BaseClass - **********Get user Information************
01:47:57.455 [main] INFO  testBase.BaseClass - **********Finishes TC_001_VerifyUserDetail************
01:47:57.510 [main] INFO  testBase.BaseClass - *****starting TC_0002_NewsAndCount******
01:47:57.751 [main] INFO  testBase.BaseClass - *****Printing Total News Count******
01:47:57.776 [main] INFO  testBase.BaseClass - **********News:************
01:47:57.911 [main] INFO  testBase.BaseClass - *****Finished TC_0002_NewsAndCount******
01:47:57.920 [main] INFO  testBase.BaseClass - **********Starting TC_0003_CompareHeadingwithToolTip***************
01:47:58.073 [main] INFO  testBase.BaseClass - ************
01:47:58.347 [main] INFO  testBase.BaseClass - **********Finished TC_0003_CompareHeadingwithToolTip***************
02:00:42.192 [main] INFO  testBase.BaseClass - *****starting TC_0001_VerifyUserDetail******
02:00:51.482 [main] INFO  testBase.BaseClass - **********Clicked on User Profile************
02:00:52.275 [main] INFO  testBase.BaseClass - **********Get user Information************
02:00:52.275 [main] INFO  testBase.BaseClass - **********Finishes TC_001_VerifyUserDetail************
02:00:52.337 [main] INFO  testBase.BaseClass - *****starting TC_0002_NewsAndCount******
02:00:52.525 [main] INFO  testBase.BaseClass - *****Printing Total News Count******
02:00:52.549 [main] INFO  testBase.BaseClass - **********News:************
02:00:52.677 [main] INFO  testBase.BaseClass - *****Finished TC_0002_NewsAndCount******
02:00:52.686 [main] INFO  testBase.BaseClass - **********Starting TC_0003_CompareHeadingwithToolTip***************
02:00:52.832 [main] INFO  testBase.BaseClass - ************
02:00:53.102 [main] INFO  testBase.BaseClass - **********Finished TC_0003_CompareHeadingwithToolTip***************
17:14:43.299 [main] INFO  testBase.BaseClass - *****starting TC_0001_VerifyUserDetail******
17:14:52.825 [main] INFO  testBase.BaseClass - **********Clicked on User Profile************
17:14:55.317 [main] INFO  testBase.BaseClass - **********Get user Information************
17:14:55.318 [main] INFO  testBase.BaseClass - **********Finishes TC_001_VerifyUserDetail************
17:14:55.392 [main] INFO  testBase.BaseClass - *****starting TC_0002_NewsAndCount******
17:14:55.637 [main] INFO  testBase.BaseClass - *****Printing Total News Count******
17:14:55.668 [main] INFO  testBase.BaseClass - **********News:************
17:14:57.989 [main] INFO  testBase.BaseClass - **********Starting TC_0003_CompareHeadingwithToolTip***************
17:14:58.207 [main] INFO  testBase.BaseClass - ************
17:14:58.662 [main] INFO  testBase.BaseClass - **********Finished TC_0003_CompareHeadingwithToolTip***************
17:22:23.200 [main] INFO  testBase.BaseClass - *****starting TC_0001_VerifyUserDetail******
17:22:32.551 [main] INFO  testBase.BaseClass - **********Clicked on User Profile************
17:22:33.423 [main] INFO  testBase.BaseClass - **********Get user Information************
17:22:33.424 [main] INFO  testBase.BaseClass - **********Finishes TC_001_VerifyUserDetail************
17:22:33.476 [main] INFO  testBase.BaseClass - *****starting TC_0002_NewsAndCount******
17:22:33.774 [main] INFO  testBase.BaseClass - *****Printing Total News Count******
17:22:33.816 [main] INFO  testBase.BaseClass - **********News:************
17:22:40.579 [main] INFO  testBase.BaseClass - *****Finished TC_0002_NewsAndCount******
17:22:40.590 [main] INFO  testBase.BaseClass - **********Starting TC_0003_CompareHeadingwithToolTip***************
17:22:41.166 [main] INFO  testBase.BaseClass - ************
17:22:41.578 [main] INFO  testBase.BaseClass - **********Finished TC_0003_CompareHeadingwithToolTip***************
17:26:57.075 [main] INFO  testBase.BaseClass - *****starting TC_0002_NewsAndCount******
17:26:57.430 [main] INFO  testBase.BaseClass - *****Printing Total News Count******
17:26:57.451 [main] INFO  testBase.BaseClass - **********News:************
17:27:00.276 [main] INFO  testBase.BaseClass - *****Finished TC_0002_NewsAndCount******
17:28:27.760 [main] INFO  testBase.BaseClass - *****starting TC_0002_NewsAndCount******
17:28:28.005 [main] INFO  testBase.BaseClass - *****Printing Total News Count******
17:28:28.023 [main] INFO  testBase.BaseClass - **********News:************
17:30:39.013 [main] INFO  testBase.BaseClass - *****starting TC_0002_NewsAndCount******
17:30:39.451 [main] INFO  testBase.BaseClass - *****Printing Total News Count******
17:30:39.475 [main] INFO  testBase.BaseClass - **********News:************
17:30:42.808 [main] INFO  testBase.BaseClass - *****Finished TC_0002_NewsAndCount******
17:31:36.019 [main] INFO  testBase.BaseClass - *****starting TC_0002_NewsAndCount******
17:31:36.443 [main] INFO  testBase.BaseClass - *****Printing Total News Count******
