17:31:36.468 [main] INFO  testBase.BaseClass - **********News:************
17:31:42.703 [main] INFO  testBase.BaseClass - *****Finished TC_0002_NewsAndCount******
17:37:59.904 [main] INFO  testBase.BaseClass - *****starting TC_0001_VerifyUserDetail******
17:38:09.323 [main] INFO  testBase.BaseClass - **********Clicked on User Profile************
17:38:13.442 [main] INFO  testBase.BaseClass - **********Get user Information************
17:38:13.443 [main] INFO  testBase.BaseClass - **********Finishes TC_001_VerifyUserDetail************
17:38:13.496 [main] INFO  testBase.BaseClass - *****starting TC_0002_NewsAndCount******
17:38:14.132 [main] INFO  testBase.BaseClass - *****Printing Total News Count******
17:38:14.161 [main] INFO  testBase.BaseClass - **********News:************
17:38:15.839 [main] INFO  testBase.BaseClass - *****Finished TC_0002_NewsAndCount******
17:40:52.616 [main] INFO  testBase.BaseClass - *****starting TC_0001_VerifyUserDetail******
17:41:02.292 [main] INFO  testBase.BaseClass - **********Clicked on User Profile************
17:41:08.574 [main] INFO  testBase.BaseClass - **********Get user Information************
17:41:08.574 [main] INFO  testBase.BaseClass - **********Finishes TC_001_VerifyUserDetail************
17:41:08.654 [main] INFO  testBase.BaseClass - *****starting TC_0002_NewsAndCount******
17:41:10.316 [main] INFO  testBase.BaseClass - *****Printing Total News Count******
17:41:10.362 [main] INFO  testBase.BaseClass - **********News:************
17:41:14.002 [main] INFO  testBase.BaseClass - *****Finished TC_0002_NewsAndCount******
17:56:29.938 [main] INFO  testBase.BaseClass - *****starting TC_0001_VerifyUserDetail******
17:56:39.336 [main] INFO  testBase.BaseClass - **********Clicked on User Profile************
17:56:42.859 [main] INFO  testBase.BaseClass - **********Get user Information************
17:56:42.860 [main] INFO  testBase.BaseClass - **********Finishes TC_001_VerifyUserDetail************
17:56:42.861 [main] INFO  testBase.BaseClass - *****starting TC_0002_NewsAndCount******
17:56:43.132 [main] INFO  testBase.BaseClass - *****Printing Total News Count******
17:56:43.167 [main] INFO  testBase.BaseClass - **********News:************
17:59:51.120 [main] INFO  testBase.BaseClass - *****starting TC_0001_VerifyUserDetail******
18:00:00.649 [main] INFO  testBase.BaseClass - **********Clicked on User Profile************
18:00:05.684 [main] INFO  testBase.BaseClass - **********Get user Information************
18:00:05.686 [main] INFO  testBase.BaseClass - **********Finishes TC_001_VerifyUserDetail************
18:00:05.688 [main] INFO  testBase.BaseClass - *****starting TC_0002_NewsAndCount******
18:00:06.133 [main] INFO  testBase.BaseClass - *****Printing Total News Count******
18:00:06.164 [main] INFO  testBase.BaseClass - **********News:************
18:00:08.888 [main] INFO  testBase.BaseClass - *****Finished TC_0002_NewsAndCount******
18:00:08.890 [main] INFO  testBase.BaseClass - **********Starting TC_0003_CompareHeadingwithToolTip***************
18:00:09.307 [main] INFO  testBase.BaseClass - ************
18:00:09.594 [main] INFO  testBase.BaseClass - **********Finished TC_0003_CompareHeadingwithToolTip***************
18:57:38.659 [main] INFO  testBase.BaseClass - *****starting TC_0002_NewsAndCount******
18:57:38.933 [main] INFO  testBase.BaseClass - *****Printing Total News Count******
18:57:38.956 [main] INFO  testBase.BaseClass - **********News:************
18:57:42.776 [main] INFO  testBase.BaseClass - *****Finished TC_0002_NewsAndCount******
20:35:08.077 [main] INFO  testBase.BaseClass - *****starting TC_0001_VerifyUserDetail******
20:35:17.515 [main] INFO  testBase.BaseClass - **********Clicked on User Profile************
20:35:21.027 [main] INFO  testBase.BaseClass - **********Get user Information************
20:35:21.027 [main] INFO  testBase.BaseClass - **********Finishes TC_001_VerifyUserDetail************
20:35:21.128 [main] INFO  testBase.BaseClass - *****starting TC_0002_NewsAndCount******
20:35:21.479 [main] INFO  testBase.BaseClass - *****Printing Total News Count******
20:35:21.506 [main] INFO  testBase.BaseClass - **********News:************
20:36:33.292 [main] INFO  testBase.BaseClass - *****starting TC_0001_VerifyUserDetail******
20:36:42.724 [main] INFO  testBase.BaseClass - **********Clicked on User Profile************
20:36:49.489 [main] INFO  testBase.BaseClass - **********Get user Information************
20:36:49.490 [main] INFO  testBase.BaseClass - **********Finishes TC_001_VerifyUserDetail************
20:36:49.566 [main] INFO  testBase.BaseClass - *****starting TC_0002_NewsAndCount******
20:36:50.410 [main] INFO  testBase.BaseClass - *****Printing Total News Count******
20:36:50.438 [main] INFO  testBase.BaseClass - **********News:************
20:36:53.016 [main] INFO  testBase.BaseClass - *****Finished TC_0002_NewsAndCount******
02:31:03.992 [main] INFO  testBase.BaseClass - **********Starting TC_0003_CompareHeadingwithToolTip***************
