01:47:47.403 [main] INFO  testBase.BaseClass - *****starting TC_0001_VerifyUserDetail******
01:47:56.769 [main] INFO  testBase.BaseClass - **********Clicked on User Profile************
01:47:57.454 [main] INFO  testBase.BaseClass - **********Get user Information************
01:47:57.455 [main] INFO  testBase.BaseClass - **********Finishes TC_001_VerifyUserDetail************
01:47:57.510 [main] INFO  testBase.BaseClass - *****starting TC_0002_NewsAndCount******
01:47:57.751 [main] INFO  testBase.BaseClass - *****Printing Total News Count******
01:47:57.776 [main] INFO  testBase.BaseClass - **********News:************
01:47:57.911 [main] INFO  testBase.BaseClass - *****Finished TC_0002_NewsAndCount******
01:47:57.920 [main] INFO  testBase.BaseClass - **********Starting TC_0003_CompareHeadingwithToolTip***************
01:47:58.073 [main] INFO  testBase.BaseClass - ************
01:47:58.347 [main] INFO  testBase.BaseClass - **********Finished TC_0003_CompareHeadingwithToolTip***************
02:00:42.192 [main] INFO  testBase.BaseClass - *****starting TC_0001_VerifyUserDetail******
02:00:51.482 [main] INFO  testBase.BaseClass - **********Clicked on User Profile************
02:00:52.275 [main] INFO  testBase.BaseClass - **********Get user Information************
02:00:52.275 [main] INFO  testBase.BaseClass - **********Finishes TC_001_VerifyUserDetail************
02:00:52.337 [main] INFO  testBase.BaseClass - *****starting TC_0002_NewsAndCount******
02:00:52.525 [main] INFO  testBase.BaseClass - *****Printing Total News Count******
02:00:52.549 [main] INFO  testBase.BaseClass - **********News:************
02:00:52.677 [main] INFO  testBase.BaseClass - *****Finished TC_0002_NewsAndCount******
02:00:52.686 [main] INFO  testBase.BaseClass - **********Starting TC_0003_CompareHeadingwithToolTip***************
02:00:52.832 [main] INFO  testBase.BaseClass - ************
02:00:53.102 [main] INFO  testBase.BaseClass - **********Finished TC_0003_CompareHeadingwithToolTip***************
