13:05:52.087 [main] INFO  testCases.TC_0001_VerifyUserDetail - *****Finishes TC_001_VerifyUserDetail******
13:06:06.805 [main] INFO  testCases.TC_0002_NewsAndCount - *****starting TC_0002_NewsAndCount******
13:06:08.009 [main] INFO  testCases.TC_0002_NewsAndCount - *****Printing Total News Count******
13:06:08.031 [main] INFO  testCases.TC_0002_NewsAndCount - *****News:******
13:06:08.212 [main] INFO  testCases.TC_0002_NewsAndCount - ******Finished TC_0002_NewsAndCount******
13:10:37.947 [main] INFO  testCases.TC_0001_VerifyUserDetail - *****starting TC_0001_VerifyUserDetail******
13:10:38.339 [main] INFO  testCases.TC_0001_VerifyUserDetail - *****Clicked on User Profile******
13:10:38.870 [main] INFO  testCases.TC_0001_VerifyUserDetail - *****Get user Information******
13:10:38.870 [main] INFO  testCases.TC_0001_VerifyUserDetail - *****Finishes TC_001_VerifyUserDetail******
13:10:54.327 [main] INFO  testCases.TC_0002_NewsAndCount - *****starting TC_0002_NewsAndCount******
13:10:55.944 [main] INFO  testCases.TC_0002_NewsAndCount - *****Printing Total News Count******
13:10:55.973 [main] INFO  testCases.TC_0002_NewsAndCount - *****News:******
13:10:56.186 [main] INFO  testCases.TC_0002_NewsAndCount - ******Finished TC_0002_NewsAndCount******
16:48:54.283 [main] INFO  testCases.TC_0001_VerifyUserDetail - *****starting TC_0001_VerifyUserDetail******
16:48:54.649 [main] INFO  testCases.TC_0001_VerifyUserDetail - *****Clicked on User Profile******
16:49:04.699 [main] INFO  testCases.TC_0001_VerifyUserDetail - *****Get user Information******
16:49:04.699 [main] INFO  testCases.TC_0001_VerifyUserDetail - *****Finishes TC_001_VerifyUserDetail******
16:49:18.063 [main] INFO  testCases.TC_0002_NewsAndCount - *****starting TC_0002_NewsAndCount******
16:49:19.085 [main] INFO  testCases.TC_0002_NewsAndCount - *****Printing Total News Count******
16:49:19.099 [main] INFO  testCases.TC_0002_NewsAndCount - *****News:******
16:49:19.182 [main] INFO  testCases.TC_0002_NewsAndCount - ******Finished TC_0002_NewsAndCount******
22:25:01.268 [main] INFO  testBase.BaseClass - *****starting TC_0001_VerifyUserDetail******
22:25:10.671 [main] INFO  testBase.BaseClass - **********Clicked on User Profile************
22:25:12.142 [main] INFO  testBase.BaseClass - **********Get user Information************
22:25:12.143 [main] INFO  testBase.BaseClass - **********Finishes TC_001_VerifyUserDetail************
22:25:12.150 [main] INFO  testBase.BaseClass - *****starting TC_0002_NewsAndCount******
22:25:13.015 [main] INFO  testBase.BaseClass - *****Printing Total News Count******
22:25:13.062 [main] INFO  testBase.BaseClass - **********News:************
22:25:13.392 [main] INFO  testBase.BaseClass - *****Finished TC_0002_NewsAndCount******
22:25:13.401 [main] INFO  testBase.BaseClass - **********Starting TC_0003_CompareHeadingwithToolTip***************
22:25:13.689 [main] INFO  testBase.BaseClass - ************
22:25:15.681 [main] INFO  testBase.BaseClass - **********Finished TC_0003_CompareHeadingwithToolTip***************
22:52:17.448 [main] INFO  testBase.BaseClass - *****starting TC_0001_VerifyUserDetail******
22:52:27.187 [main] INFO  testBase.BaseClass - **********Clicked on User Profile************
22:52:28.799 [main] INFO  testBase.BaseClass - **********Get user Information************
22:52:28.800 [main] INFO  testBase.BaseClass - **********Finishes TC_001_VerifyUserDetail************
22:52:28.809 [main] INFO  testBase.BaseClass - *****starting TC_0002_NewsAndCount******
22:52:29.065 [main] INFO  testBase.BaseClass - *****Printing Total News Count******
22:52:29.090 [main] INFO  testBase.BaseClass - **********News:************
22:52:29.324 [main] INFO  testBase.BaseClass - *****Finished TC_0002_NewsAndCount******
22:52:29.336 [main] INFO  testBase.BaseClass - **********Starting TC_0003_CompareHeadingwithToolTip***************
22:52:29.558 [main] INFO  testBase.BaseClass - ************
22:52:30.047 [main] INFO  testBase.BaseClass - **********Finished TC_0003_CompareHeadingwithToolTip***************
22:57:23.168 [main] INFO  testBase.BaseClass - *****starting TC_0001_VerifyUserDetail******
22:57:32.515 [main] INFO  testBase.BaseClass - **********Clicked on User Profile************
22:57:34.040 [main] INFO  testBase.BaseClass - **********Get user Information************
22:57:34.041 [main] INFO  testBase.BaseClass - **********Finishes TC_001_VerifyUserDetail************
22:57:34.053 [main] INFO  testBase.BaseClass - *****starting TC_0002_NewsAndCount******
22:57:34.492 [main] INFO  testBase.BaseClass - *****Printing Total News Count******
22:57:34.563 [main] INFO  testBase.BaseClass - **********News:************
22:57:34.772 [main] INFO  testBase.BaseClass - *****Finished TC_0002_NewsAndCount******
22:57:34.782 [main] INFO  testBase.BaseClass - **********Starting TC_0003_CompareHeadingwithToolTip***************
22:57:34.988 [main] INFO  testBase.BaseClass - ************
22:57:35.662 [main] INFO  testBase.BaseClass - **********Finished TC_0003_CompareHeadingwithToolTip***************
